*** Starting uWSGI 2.0.17.1 (64bit) on [Mon Aug 27 14:28:28 2018] ***
compiled with version: 8.2.0 on 27 August 2018 12:26:47
os: Linux-4.18.4-arch1-1-ARCH #1 SMP PREEMPT Wed Aug 22 07:33:26 UTC 2018
nodename: arch
machine: x86_64
clock source: unix
pcre jit disabled
detected number of CPU cores: 8
current working directory: /home/arconec/PycharmProjects/amasavocat
detected binary path: /usr/bin/uwsgi
chdir() to /home/arconec/PycharmProjects/amasavocat
your processes number limit is 30313
your memory page size is 4096 bytes
detected max file descriptor number: 1024
lock engine: pthread robust mutexes
thunder lock: disabled (you can enable it with --thunder-lock)
uwsgi socket 0 bound to TCP address 127.0.0.1:8000 fd 3
Python version: 3.7.0 (default, Jul 15 2018, 10:44:58)  [GCC 8.1.1 20180531]
*** Python threads support is disabled. You can enable it with --enable-threads ***
Python main interpreter initialized at 0x555be3ef36e0
your server socket listen backlog is limited to 100 connections
your mercy for graceful operations on workers is 60 seconds
mapped 437520 bytes (427 KB) for 5 cores
*** Operational MODE: preforking ***
WSGI app 0 (mountpoint='') ready in 0 seconds on interpreter 0x555be3ef36e0 pid: 14205 (default app)
*** uWSGI is running in multiple interpreter mode ***
spawned uWSGI master process (pid: 14205)
spawned uWSGI worker 1 (pid: 14210, cores: 1)
spawned uWSGI worker 2 (pid: 14211, cores: 1)
spawned uWSGI worker 3 (pid: 14212, cores: 1)
spawned uWSGI worker 4 (pid: 14213, cores: 1)
spawned uWSGI worker 5 (pid: 14214, cores: 1)
*** Starting uWSGI 2.0.17.1 (64bit) on [Mon Aug 27 14:28:32 2018] ***
compiled with version: 8.2.0 on 27 August 2018 12:26:47
os: Linux-4.18.4-arch1-1-ARCH #1 SMP PREEMPT Wed Aug 22 07:33:26 UTC 2018
nodename: arch
machine: x86_64
clock source: unix
pcre jit disabled
detected number of CPU cores: 8
current working directory: /home/arconec/PycharmProjects/amasavocat
detected binary path: /usr/bin/uwsgi
chdir() to /home/arconec/PycharmProjects/amasavocat
your processes number limit is 30313
your memory page size is 4096 bytes
detected max file descriptor number: 1024
lock engine: pthread robust mutexes
thunder lock: disabled (you can enable it with --thunder-lock)
probably another instance of uWSGI is running on the same address (127.0.0.1:8000).
bind(): Address already in use [core/socket.c line 769]
invalid request block size: 21573 (max 4096)...skip
invalid request block size: 21573 (max 4096)...skip
*** Starting uWSGI 2.0.17.1 (64bit) on [Mon Aug 27 14:29:24 2018] ***
compiled with version: 8.2.0 on 27 August 2018 12:26:47
os: Linux-4.18.4-arch1-1-ARCH #1 SMP PREEMPT Wed Aug 22 07:33:26 UTC 2018
nodename: arch
machine: x86_64
clock source: unix
pcre jit disabled
detected number of CPU cores: 8
current working directory: /home/arconec/PycharmProjects/amasavocat
writing pidfile to /tmp/project-master.pid
detected binary path: /usr/bin/uwsgi
chdir() to /home/arconec/PycharmProjects/amasavocat
your processes number limit is 30313
your memory page size is 4096 bytes
detected max file descriptor number: 1024
lock engine: pthread robust mutexes
thunder lock: disabled (you can enable it with --thunder-lock)
probably another instance of uWSGI is running on the same address (127.0.0.1:8000).
bind(): Address already in use [core/socket.c line 769]
*** Starting uWSGI 2.0.17.1 (64bit) on [Mon Aug 27 14:30:24 2018] ***
compiled with version: 8.2.0 on 27 August 2018 12:26:47
os: Linux-4.18.4-arch1-1-ARCH #1 SMP PREEMPT Wed Aug 22 07:33:26 UTC 2018
nodename: arch
machine: x86_64
clock source: unix
pcre jit disabled
detected number of CPU cores: 8
current working directory: /home/arconec/PycharmProjects/amasavocat
writing pidfile to /tmp/project-master.pid
detected binary path: /usr/bin/uwsgi
chdir() to /home/arconec/PycharmProjects/amasavocat
your processes number limit is 30313
your memory page size is 4096 bytes
detected max file descriptor number: 1024
lock engine: pthread robust mutexes
thunder lock: disabled (you can enable it with --thunder-lock)
probably another instance of uWSGI is running on the same address (127.0.0.1:8000).
bind(): Address already in use [core/socket.c line 769]
*** Starting uWSGI 2.0.17.1 (64bit) on [Mon Aug 27 14:34:14 2018] ***
compiled with version: 8.2.0 on 27 August 2018 12:26:47
os: Linux-4.18.4-arch1-1-ARCH #1 SMP PREEMPT Wed Aug 22 07:33:26 UTC 2018
nodename: arch
machine: x86_64
clock source: unix
pcre jit disabled
detected number of CPU cores: 8
current working directory: /home/arconec/PycharmProjects/amasavocat
writing pidfile to /tmp/project-master.pid
detected binary path: /usr/bin/uwsgi
cannot setgid() as non-root user
*** Starting uWSGI 2.0.17.1 (64bit) on [Mon Aug 27 14:34:17 2018] ***
compiled with version: 8.2.0 on 27 August 2018 12:26:47
os: Linux-4.18.4-arch1-1-ARCH #1 SMP PREEMPT Wed Aug 22 07:33:26 UTC 2018
nodename: arch
machine: x86_64
clock source: unix
pcre jit disabled
detected number of CPU cores: 8
current working directory: /home/arconec/PycharmProjects/amasavocat
writing pidfile to /tmp/project-master.pid
detected binary path: /usr/bin/uwsgi
cannot setgid() as non-root user
*** Starting uWSGI 2.0.17.1 (64bit) on [Mon Aug 27 14:35:07 2018] ***
compiled with version: 8.2.0 on 27 August 2018 12:26:47
os: Linux-4.18.4-arch1-1-ARCH #1 SMP PREEMPT Wed Aug 22 07:33:26 UTC 2018
nodename: arch
machine: x86_64
clock source: unix
pcre jit disabled
detected number of CPU cores: 8
current working directory: /home/arconec/PycharmProjects/amasavocat
writing pidfile to /tmp/project-master.pid
detected binary path: /usr/bin/uwsgi
cannot setgid() as non-root user
*** Starting uWSGI 2.0.17.1 (64bit) on [Mon Aug 27 14:35:32 2018] ***
compiled with version: 8.2.0 on 27 August 2018 12:26:47
os: Linux-4.18.4-arch1-1-ARCH #1 SMP PREEMPT Wed Aug 22 07:33:26 UTC 2018
nodename: arch
machine: x86_64
clock source: unix
pcre jit disabled
detected number of CPU cores: 8
current working directory: /home/arconec/PycharmProjects/amasavocat
writing pidfile to /tmp/project-master.pid
detected binary path: /usr/bin/uwsgi
cannot setgid() as non-root user
invalid request block size: 21573 (max 4096)...skip
invalid request block size: 21573 (max 4096)...skip
invalid request block size: 21573 (max 4096)...skip
invalid request block size: 21573 (max 4096)...skip
invalid request block size: 21573 (max 4096)...skip
invalid request block size: 21573 (max 4096)...skip
invalid request block size: 21573 (max 4096)...skip
invalid request block size: 21573 (max 4096)...skip
invalid request block size: 21573 (max 4096)...skip
...brutally killing workers...
Gracefully killing worker 3 (pid: 14212)...
Gracefully killing worker 4 (pid: 14213)...
Gracefully killing worker 1 (pid: 14210)...
Gracefully killing worker 5 (pid: 14214)...
Gracefully killing worker 2 (pid: 14211)...
worker 1 buried after 1 seconds
worker 2 buried after 1 seconds
worker 3 buried after 1 seconds
worker 4 buried after 1 seconds
worker 5 buried after 1 seconds
binary reloading uWSGI...
chdir() to /home/arconec/PycharmProjects/amasavocat
closing all non-uwsgi socket fds > 2 (max_fd = 1024)...
found fd 3 mapped to socket 0 (127.0.0.1:8000)
running /usr/bin/uwsgi
realpath() of config.ini failed: No such file or directory [core/utils.c line 3651]
